<?xml version="1.0" encoding="UTF-8"?>
<!-- Generated by org.testng.reporters.JUnitReportReporter -->
<testsuite hostname="Avnesh" failures="0" tests="2" name="testlayer.LoginTest" time="36.962" errors="0" timestamp="2022-11-25T03:32:31 EST" skipped="0">
  <testcase classname="testlayer.LoginTest" name="Title" time="21.631"/>
  <system-out/>
  <testcase classname="testlayer.LoginTest" name="Login" time="15.331"/>
  <system-out/>
</testsuite> <!-- testlayer.LoginTest -->
